2019-05-15 02:33:35,400 - INFO - 195 : Starting usage telemetry collection
2019-05-15 02:33:37,560 - INFO - 195 : Start creating parent run with DTO:  - name: AutoML_Demo_Experiment_1557887610.7065306
 - subscription_id: cd5e54ba-5b64-4acb-8ae5-72654d870add
 - region: southcentralus
 - compute_target: decode2019-MLOps
 - spark_context: None
 - spark_service: None
 - iterations: 1
 - primary_metric: AUC_weighted
 - task_type: classification
 - validation_size: 0.0
 - n_cross_validations: 5
 - y_min: None
 - y_max: None
 - num_classes: None
 - preprocess: False
 - lag_length: 0
 - is_timeseries: False
 - max_cores_per_iteration: 1
 - max_concurrent_iterations: 10
 - iteration_timeout_minutes: 10
 - mem_in_mb: None
 - enforce_time_on_windows: False
 - experiment_timeout_minutes: None
 - experiment_exit_score: None
 - whitelist_models: None
 - blacklist_algos: ['XGBoostClassifier', 'XGBoostClassifier']
 - auto_blacklist: True
 - blacklist_samples_reached: False
 - exclude_nan_labels: True
 - verbosity: 20
 - show_warnings: False
 - model_explainability: False
 - service_url: None
 - sdk_url: None
 - sdk_packages: None
 - enable_onnx_compatible_models: False
 - enable_feature_sweeping: True
 - telemetry_verbosity: INFO
 - send_telemetry: True
 - enable_early_stopping: False
 - early_stopping_n_iters: 10
 - metrics: None
 - enable_ensembling: False
 - enable_stack_ensembling: False
 - ensemble_iterations: None
 - enable_tf: False
 - enable_cache: True
 - enable_subsampling: False
 - subsample_seed: None
 - cost_mode: 0
 - metric_operation: maximize.
2019-05-15 02:33:38,282 - INFO - 195 : [ParentRunID:AutoML_5ea7ce45-f858-4999-b132-b5e129a2c275] Remote run using user script.
2019-05-15 02:33:39,352 - INFO - 195 : [RunId:AutoML_5ea7ce45-f858-4999-b132-b5e129a2c275]SDK dependencies versions:{"azureml-widgets": "1.0.33", "azureml-train": "1.0.33", "azureml-train-restclients-hyperdrive": "1.0.33", "azureml-train-core": "1.0.33", "azureml-train-automl": "1.0.33", "azureml-telemetry": "1.0.33", "azureml-sdk": "1.0.33", "azureml-pipeline": "1.0.33", "azureml-pipeline-steps": "1.0.33", "azureml-pipeline-core": "1.0.33", "azureml-explain-model": "1.0.33", "azureml-dataprep": "1.1.2", "azureml-dataprep-native": "12.0.1", "azureml-core": "1.0.33.1", "azureml-contrib-opendatasets": "1.0.33", "azureml-contrib-notebook": "1.0.33"}.
2019-05-15 02:33:39,646 - INFO - 195 : Parent Run ID: AutoML_5ea7ce45-f858-4999-b132-b5e129a2c275
2019-05-15 02:33:43,596 - INFO - 195 : Snapshotted folder: automl with snapshot_id: 59ef314f-5ac9-4b22-9843-b3eae7351f46
2019-05-15 02:33:43,612 - INFO - 195 : Starting a snapshot run (snapshotId : 59ef314f-5ac9-4b22-9843-b3eae7351f46) with following compute definition: {'Configuration': {'script': 'train.py', 'arguments': [], 'target': 'decode2019-MLOps', 'framework': 'Python', 'communicator': 'None', 'autoPrepareEnvironment': True, 'maxRunDurationSeconds': None, 'nodeCount': 1, 'environment': {'name': None, 'version': None, 'environmentVariables': {'EXAMPLE_ENV_VAR': 'EXAMPLE_VALUE'}, 'python': {'userManagedDependencies': False, 'interpreterPath': 'python', 'baseCondaEnvironment': None, 'condaDependencies': ordereddict([('name', 'project_environment'), ('dependencies', ['python=3.6.2', ordereddict([('pip', ['azureml-defaults==1.0.33', 'azureml-train-automl==1.0.33', 'azureml-explain-model'])]), 'numpy'])])}, 'docker': {'enabled': False, 'baseImage': 'mcr.microsoft.com/azureml/base:intelmpi2018.3-ubuntu16.04', 'sharedVolumes': True, 'gpuSupport': False, 'shmSize': '1g', 'arguments': [], 'baseImageRegistry': {'address': None, 'username': None, 'password': None}}, 'spark': {'repositories': ['https://mmlspark.azureedge.net/maven'], 'packages': [{'group': 'com.microsoft.ml.spark', 'artifact': 'mmlspark_2.11', 'version': '0.12'}], 'precachePackages': True}, 'databricks': {'mavenLibraries': [], 'pypiLibraries': [], 'rcranLibraries': [], 'jarLibraries': [], 'eggLibraries': []}}, 'history': {'outputCollection': True, 'snapshotProject': True, 'directoriesToWatch': ['logs']}, 'spark': {'configuration': {'spark.app.name': 'Azure ML Experiment', 'spark.yarn.maxAppAttempts': 1}}, 'hdi': {'yarnDeployMode': 'cluster'}, 'tensorflow': {'workerCount': 1, 'parameterServerCount': 1}, 'mpi': {'processCountPerNode': 1}, 'dataReferences': {}, 'sourceDirectoryDataStore': None, 'amlcompute': {'vmSize': None, 'vmPriority': None, 'retainCluster': False, 'name': None, 'clusterMaxNodeCount': 1}}}
2019-05-15 02:33:45,407 - INFO - 195 : memory usage 210332
2019-05-15 02:33:45,423 - INFO - 195 : child memory usage 210368
2019-05-15 02:33:45,472 - INFO - 195 : cpu time 7.451748
2019-05-15 02:33:45,501 - INFO - 195 : child cpu time 0.192854
2019-05-15 02:33:55,537 - INFO - 195 : memory usage 212392
2019-05-15 02:33:55,555 - INFO - 195 : child memory usage 210368
2019-05-15 02:33:55,643 - INFO - 195 : cpu time 7.612206
2019-05-15 02:33:55,676 - INFO - 195 : child cpu time 0.192854
2019-05-15 02:34:05,709 - INFO - 195 : memory usage 212392
2019-05-15 02:34:05,727 - INFO - 195 : child memory usage 210368
2019-05-15 02:34:05,825 - INFO - 195 : cpu time 7.681775
2019-05-15 02:34:05,864 - INFO - 195 : child cpu time 0.192854
2019-05-15 02:34:15,919 - INFO - 195 : memory usage 212392
2019-05-15 02:34:15,935 - INFO - 195 : child memory usage 210368
2019-05-15 02:34:16,021 - INFO - 195 : cpu time 7.781019
2019-05-15 02:34:16,087 - INFO - 195 : child cpu time 0.192854
2019-05-15 02:34:26,119 - INFO - 195 : memory usage 212392
2019-05-15 02:34:26,135 - INFO - 195 : child memory usage 210368
2019-05-15 02:34:26,173 - INFO - 195 : cpu time 7.82953
2019-05-15 02:34:26,207 - INFO - 195 : child cpu time 0.192854
2019-05-15 02:34:36,242 - INFO - 195 : memory usage 212392
2019-05-15 02:34:36,258 - INFO - 195 : child memory usage 210368
2019-05-15 02:34:36,314 - INFO - 195 : cpu time 7.887864
2019-05-15 02:34:36,346 - INFO - 195 : child cpu time 0.192854
2019-05-15 02:34:46,380 - INFO - 195 : memory usage 212392
2019-05-15 02:34:46,399 - INFO - 195 : child memory usage 210368
2019-05-15 02:34:46,434 - INFO - 195 : cpu time 7.95953
2019-05-15 02:34:46,655 - INFO - 195 : child cpu time 0.192854
2019-05-15 02:34:56,690 - INFO - 195 : memory usage 212880
2019-05-15 02:34:56,709 - INFO - 195 : child memory usage 210368
2019-05-15 02:34:56,749 - INFO - 195 : cpu time 8.034515
2019-05-15 02:34:56,783 - INFO - 195 : child cpu time 0.192854
2019-05-15 02:35:06,914 - INFO - 195 : memory usage 214960
2019-05-15 02:35:06,938 - INFO - 195 : child memory usage 210368
2019-05-15 02:35:07,018 - INFO - 195 : cpu time 8.135092
2019-05-15 02:35:07,056 - INFO - 195 : child cpu time 0.192854
2019-05-15 02:35:17,102 - INFO - 195 : memory usage 214976
2019-05-15 02:35:17,118 - INFO - 195 : child memory usage 210368
2019-05-15 02:35:17,172 - INFO - 195 : cpu time 8.222333
2019-05-15 02:35:17,223 - INFO - 195 : child cpu time 0.192854
2019-05-15 02:35:27,279 - INFO - 195 : memory usage 214976
2019-05-15 02:35:27,296 - INFO - 195 : child memory usage 210368
2019-05-15 02:35:27,332 - INFO - 195 : cpu time 8.320463
2019-05-15 02:35:27,362 - INFO - 195 : child cpu time 0.192854
2019-05-15 02:35:37,404 - INFO - 195 : memory usage 214976
2019-05-15 02:35:37,432 - INFO - 195 : child memory usage 210368
2019-05-15 02:35:37,482 - INFO - 195 : cpu time 8.418079
2019-05-15 02:35:37,530 - INFO - 195 : child cpu time 0.192854
2019-05-15 02:35:47,576 - INFO - 195 : memory usage 214976
2019-05-15 02:35:47,593 - INFO - 195 : child memory usage 210368
2019-05-15 02:35:47,628 - INFO - 195 : cpu time 8.511769
2019-05-15 02:35:47,660 - INFO - 195 : child cpu time 0.192854
2019-05-15 02:35:57,695 - INFO - 195 : memory usage 214976
2019-05-15 02:35:57,714 - INFO - 195 : child memory usage 210368
2019-05-15 02:35:57,759 - INFO - 195 : cpu time 8.590969
2019-05-15 02:35:57,791 - INFO - 195 : child cpu time 0.192854
2019-05-15 02:36:07,825 - INFO - 195 : memory usage 214976
2019-05-15 02:36:07,842 - INFO - 195 : child memory usage 210368
2019-05-15 02:36:07,883 - INFO - 195 : cpu time 8.655691000000001
2019-05-15 02:36:07,915 - INFO - 195 : child cpu time 0.192854
2019-05-15 02:36:17,954 - INFO - 195 : memory usage 214976
2019-05-15 02:36:17,976 - INFO - 195 : child memory usage 210368
2019-05-15 02:36:18,011 - INFO - 195 : cpu time 8.745308
2019-05-15 02:36:18,113 - INFO - 195 : child cpu time 0.192854
2019-05-15 02:36:28,157 - INFO - 195 : memory usage 214976
2019-05-15 02:36:28,186 - INFO - 195 : child memory usage 210368
2019-05-15 02:36:28,235 - INFO - 195 : cpu time 8.840434
2019-05-15 02:36:28,301 - INFO - 195 : child cpu time 0.192854
2019-05-15 02:36:38,389 - INFO - 195 : memory usage 214976
2019-05-15 02:36:38,406 - INFO - 195 : child memory usage 210368
2019-05-15 02:36:38,441 - INFO - 195 : cpu time 8.91937
2019-05-15 02:36:38,479 - INFO - 195 : child cpu time 0.192854
2019-05-15 02:36:48,513 - INFO - 195 : memory usage 215436
2019-05-15 02:36:48,531 - INFO - 195 : child memory usage 210368
2019-05-15 02:36:48,568 - INFO - 195 : cpu time 9.019086
2019-05-15 02:36:48,615 - INFO - 195 : child cpu time 0.192854
2019-05-15 02:36:58,667 - INFO - 195 : memory usage 215448
2019-05-15 02:36:58,683 - INFO - 195 : child memory usage 210368
2019-05-15 02:36:58,717 - INFO - 195 : cpu time 9.107032
2019-05-15 02:36:58,765 - INFO - 195 : child cpu time 0.192854
2019-05-15 02:37:08,821 - INFO - 195 : memory usage 215448
2019-05-15 02:37:08,839 - INFO - 195 : child memory usage 210368
2019-05-15 02:37:08,879 - INFO - 195 : cpu time 9.184481
2019-05-15 02:37:08,922 - INFO - 195 : child cpu time 0.192854
2019-05-15 02:37:18,967 - INFO - 195 : memory usage 215452
2019-05-15 02:37:18,986 - INFO - 195 : child memory usage 210368
2019-05-15 02:37:19,018 - INFO - 195 : cpu time 9.279283
2019-05-15 02:37:19,058 - INFO - 195 : child cpu time 0.192854
2019-05-15 02:37:29,096 - INFO - 195 : memory usage 215456
2019-05-15 02:37:29,111 - INFO - 195 : child memory usage 210368
2019-05-15 02:37:29,155 - INFO - 195 : cpu time 9.367977
2019-05-15 02:37:29,187 - INFO - 195 : child cpu time 0.192854
2019-05-15 02:37:39,236 - INFO - 195 : memory usage 215456
2019-05-15 02:37:39,252 - INFO - 195 : child memory usage 210368
2019-05-15 02:37:39,285 - INFO - 195 : cpu time 9.451647
2019-05-15 02:37:39,319 - INFO - 195 : child cpu time 0.192854
2019-05-15 02:37:49,356 - INFO - 195 : memory usage 215456
2019-05-15 02:37:49,372 - INFO - 195 : child memory usage 210368
2019-05-15 02:37:49,414 - INFO - 195 : cpu time 9.522283
2019-05-15 02:37:49,458 - INFO - 195 : child cpu time 0.192854
2019-05-15 02:37:59,491 - INFO - 195 : memory usage 215456
2019-05-15 02:37:59,508 - INFO - 195 : child memory usage 210368
2019-05-15 02:37:59,546 - INFO - 195 : cpu time 9.592152
2019-05-15 02:37:59,612 - INFO - 195 : child cpu time 0.192854
2019-05-15 02:38:09,646 - INFO - 195 : memory usage 215580
2019-05-15 02:38:09,664 - INFO - 195 : child memory usage 210368
2019-05-15 02:38:09,735 - INFO - 195 : cpu time 9.695247
2019-05-15 02:38:09,775 - INFO - 195 : child cpu time 0.192854
2019-05-15 02:38:19,831 - INFO - 195 : memory usage 215584
2019-05-15 02:38:19,847 - INFO - 195 : child memory usage 210368
2019-05-15 02:38:19,887 - INFO - 195 : cpu time 9.753402
2019-05-15 02:38:19,923 - INFO - 195 : child cpu time 0.192854
2019-05-15 02:38:29,959 - INFO - 195 : memory usage 215588
2019-05-15 02:38:29,975 - INFO - 195 : child memory usage 210368
2019-05-15 02:38:30,038 - INFO - 195 : cpu time 9.839386
2019-05-15 02:38:30,084 - INFO - 195 : child cpu time 0.192854
2019-05-15 02:38:40,117 - INFO - 195 : memory usage 215588
2019-05-15 02:38:40,133 - INFO - 195 : child memory usage 210368
2019-05-15 02:38:40,169 - INFO - 195 : cpu time 9.923527
2019-05-15 02:38:40,200 - INFO - 195 : child cpu time 0.192854
2019-05-15 02:38:50,229 - INFO - 195 : memory usage 215588
2019-05-15 02:38:50,246 - INFO - 195 : child memory usage 210368
2019-05-15 02:38:50,309 - INFO - 195 : cpu time 10.000361
2019-05-15 02:38:50,339 - INFO - 195 : child cpu time 0.192854
2019-05-15 02:39:00,375 - INFO - 195 : memory usage 215588
2019-05-15 02:39:00,392 - INFO - 195 : child memory usage 210368
2019-05-15 02:39:00,431 - INFO - 195 : cpu time 10.077358
2019-05-15 02:39:00,462 - INFO - 195 : child cpu time 0.192854
2019-05-15 02:39:10,495 - INFO - 195 : memory usage 215588
2019-05-15 02:39:10,518 - INFO - 195 : child memory usage 210368
2019-05-15 02:39:10,618 - INFO - 195 : cpu time 10.141888
2019-05-15 02:39:10,660 - INFO - 195 : child cpu time 0.192854
2019-05-15 02:39:20,723 - INFO - 195 : memory usage 215588
2019-05-15 02:39:20,740 - INFO - 195 : child memory usage 210368
2019-05-15 02:39:20,782 - INFO - 195 : cpu time 10.240705
2019-05-15 02:39:20,817 - INFO - 195 : child cpu time 0.192854
2019-05-15 02:39:30,862 - INFO - 195 : memory usage 215588
2019-05-15 02:39:30,881 - INFO - 195 : child memory usage 210368
2019-05-15 02:39:30,932 - INFO - 195 : cpu time 10.374821
2019-05-15 02:39:30,975 - INFO - 195 : child cpu time 0.192854
2019-05-15 05:32:34,346 - INFO - 195 : Starting usage telemetry collection
2019-05-15 05:32:35,335 - INFO - 195 : Start creating parent run with DTO:  - name: AutoML_Demo_Experiment_1557898354.230591
 - subscription_id: cd5e54ba-5b64-4acb-8ae5-72654d870add
 - region: southcentralus
 - compute_target: decode2019-MLOps
 - spark_context: None
 - spark_service: None
 - iterations: 1
 - primary_metric: AUC_weighted
 - task_type: classification
 - validation_size: 0.0
 - n_cross_validations: 5
 - y_min: None
 - y_max: None
 - num_classes: None
 - preprocess: False
 - lag_length: 0
 - is_timeseries: False
 - max_cores_per_iteration: 1
 - max_concurrent_iterations: 10
 - iteration_timeout_minutes: 10
 - mem_in_mb: None
 - enforce_time_on_windows: False
 - experiment_timeout_minutes: None
 - experiment_exit_score: None
 - whitelist_models: None
 - blacklist_algos: ['XGBoostClassifier', 'XGBoostClassifier']
 - auto_blacklist: True
 - blacklist_samples_reached: False
 - exclude_nan_labels: True
 - verbosity: 20
 - show_warnings: False
 - model_explainability: False
 - service_url: None
 - sdk_url: None
 - sdk_packages: None
 - enable_onnx_compatible_models: False
 - enable_feature_sweeping: True
 - telemetry_verbosity: INFO
 - send_telemetry: True
 - enable_early_stopping: False
 - early_stopping_n_iters: 10
 - metrics: None
 - enable_ensembling: False
 - enable_stack_ensembling: False
 - ensemble_iterations: None
 - enable_tf: False
 - enable_cache: True
 - enable_subsampling: False
 - subsample_seed: None
 - cost_mode: 0
 - metric_operation: maximize.
2019-05-15 05:32:35,803 - INFO - 195 : [ParentRunID:AutoML_5657eb12-b33a-42ff-bad4-167797613457] Remote run using user script.
2019-05-15 05:32:36,456 - INFO - 195 : [RunId:AutoML_5657eb12-b33a-42ff-bad4-167797613457]SDK dependencies versions:{"azureml-widgets": "1.0.33", "azureml-train": "1.0.33", "azureml-train-restclients-hyperdrive": "1.0.33", "azureml-train-core": "1.0.33", "azureml-train-automl": "1.0.33", "azureml-telemetry": "1.0.33", "azureml-sdk": "1.0.33", "azureml-pipeline": "1.0.33", "azureml-pipeline-steps": "1.0.33", "azureml-pipeline-core": "1.0.33", "azureml-explain-model": "1.0.33", "azureml-dataprep": "1.1.2", "azureml-dataprep-native": "12.0.1", "azureml-core": "1.0.33.1", "azureml-contrib-opendatasets": "1.0.33", "azureml-contrib-notebook": "1.0.33"}.
2019-05-15 05:32:36,575 - INFO - 195 : Parent Run ID: AutoML_5657eb12-b33a-42ff-bad4-167797613457
2019-05-15 05:32:43,042 - INFO - 195 : Snapshotted folder: automl with snapshot_id: 4828886a-09bd-4c43-9684-4c47090ebdca
2019-05-15 05:32:43,068 - INFO - 195 : Starting a snapshot run (snapshotId : 4828886a-09bd-4c43-9684-4c47090ebdca) with following compute definition: {'Configuration': {'script': 'train.py', 'arguments': [], 'target': 'decode2019-MLOps', 'framework': 'Python', 'communicator': 'None', 'autoPrepareEnvironment': True, 'maxRunDurationSeconds': None, 'nodeCount': 1, 'environment': {'name': None, 'version': None, 'environmentVariables': {'EXAMPLE_ENV_VAR': 'EXAMPLE_VALUE'}, 'python': {'userManagedDependencies': False, 'interpreterPath': 'python', 'baseCondaEnvironment': None, 'condaDependencies': ordereddict([('name', 'project_environment'), ('dependencies', ['python=3.6.2', ordereddict([('pip', ['azureml-defaults==1.0.33', 'azureml-train-automl==1.0.33', 'azureml-explain-model'])]), 'numpy'])])}, 'docker': {'enabled': False, 'baseImage': 'mcr.microsoft.com/azureml/base:intelmpi2018.3-ubuntu16.04', 'sharedVolumes': True, 'gpuSupport': False, 'shmSize': '1g', 'arguments': [], 'baseImageRegistry': {'address': None, 'username': None, 'password': None}}, 'spark': {'repositories': ['https://mmlspark.azureedge.net/maven'], 'packages': [{'group': 'com.microsoft.ml.spark', 'artifact': 'mmlspark_2.11', 'version': '0.12'}], 'precachePackages': True}, 'databricks': {'mavenLibraries': [], 'pypiLibraries': [], 'rcranLibraries': [], 'jarLibraries': [], 'eggLibraries': []}}, 'history': {'outputCollection': True, 'snapshotProject': True, 'directoriesToWatch': ['logs']}, 'spark': {'configuration': {'spark.app.name': 'Azure ML Experiment', 'spark.yarn.maxAppAttempts': 1}}, 'hdi': {'yarnDeployMode': 'cluster'}, 'tensorflow': {'workerCount': 1, 'parameterServerCount': 1}, 'mpi': {'processCountPerNode': 1}, 'dataReferences': {}, 'sourceDirectoryDataStore': None, 'amlcompute': {'vmSize': None, 'vmPriority': None, 'retainCluster': False, 'name': None, 'clusterMaxNodeCount': 1}}}
2019-05-15 05:32:44,355 - INFO - 195 : memory usage 210924
2019-05-15 05:32:44,366 - INFO - 195 : child memory usage 210952
2019-05-15 05:32:44,447 - INFO - 195 : cpu time 10.739454
2019-05-15 05:32:44,488 - INFO - 195 : child cpu time 0.333123
2019-05-15 05:32:54,693 - INFO - 195 : memory usage 212984
2019-05-15 05:32:54,715 - INFO - 195 : child memory usage 210952
2019-05-15 05:32:54,759 - INFO - 195 : cpu time 10.768972
2019-05-15 05:32:54,800 - INFO - 195 : child cpu time 0.333123
2019-05-15 05:33:04,863 - INFO - 195 : memory usage 212984
2019-05-15 05:33:04,884 - INFO - 195 : child memory usage 210952
2019-05-15 05:33:04,954 - INFO - 195 : cpu time 10.955098
2019-05-15 05:33:04,991 - INFO - 195 : child cpu time 0.333123
2019-05-15 05:33:15,043 - INFO - 195 : memory usage 212984
2019-05-15 05:33:15,062 - INFO - 195 : child memory usage 210952
2019-05-15 05:33:15,109 - INFO - 195 : cpu time 11.0412
2019-05-15 05:33:15,156 - INFO - 195 : child cpu time 0.333123
2019-05-15 05:33:25,430 - INFO - 195 : memory usage 212984
2019-05-15 05:33:25,453 - INFO - 195 : child memory usage 210952
2019-05-15 05:33:25,507 - INFO - 195 : cpu time 11.121302
2019-05-15 05:33:25,582 - INFO - 195 : child cpu time 0.333123
2019-05-15 05:33:35,641 - INFO - 195 : memory usage 212984
2019-05-15 05:33:35,662 - INFO - 195 : child memory usage 210952
2019-05-15 05:33:35,714 - INFO - 195 : cpu time 11.244498
2019-05-15 05:33:35,762 - INFO - 195 : child cpu time 0.333123
2019-05-15 05:33:45,806 - INFO - 195 : memory usage 212984
2019-05-15 05:33:45,833 - INFO - 195 : child memory usage 210952
2019-05-15 05:33:45,888 - INFO - 195 : cpu time 11.321532
2019-05-15 05:33:45,957 - INFO - 195 : child cpu time 0.333123
2019-05-15 05:33:56,007 - INFO - 195 : memory usage 212984
2019-05-15 05:33:56,034 - INFO - 195 : child memory usage 210952
2019-05-15 05:33:56,081 - INFO - 195 : cpu time 11.403085
2019-05-15 05:33:56,128 - INFO - 195 : child cpu time 0.333123
2019-05-15 05:34:06,174 - INFO - 195 : memory usage 213452
2019-05-15 05:34:06,206 - INFO - 195 : child memory usage 210952
2019-05-15 05:34:06,269 - INFO - 195 : cpu time 11.507304
2019-05-15 05:34:06,315 - INFO - 195 : child cpu time 0.333123
2019-05-15 05:34:16,383 - INFO - 195 : memory usage 214376
2019-05-15 05:34:16,404 - INFO - 195 : child memory usage 210952
2019-05-15 05:34:16,613 - INFO - 195 : cpu time 11.615723
2019-05-15 05:34:16,668 - INFO - 195 : child cpu time 0.333123
2019-05-15 05:34:26,711 - INFO - 195 : memory usage 215324
2019-05-15 05:34:26,734 - INFO - 195 : child memory usage 210952
2019-05-15 05:34:26,784 - INFO - 195 : cpu time 11.678738
2019-05-15 05:34:26,835 - INFO - 195 : child cpu time 0.333123
2019-05-15 05:34:36,893 - INFO - 195 : memory usage 217396
2019-05-15 05:34:36,922 - INFO - 195 : child memory usage 210952
2019-05-15 05:34:36,976 - INFO - 195 : cpu time 11.780546
2019-05-15 05:34:37,021 - INFO - 195 : child cpu time 0.333123
2019-05-15 05:34:47,077 - INFO - 195 : memory usage 217400
2019-05-15 05:34:47,099 - INFO - 195 : child memory usage 210952
2019-05-15 05:34:47,152 - INFO - 195 : cpu time 11.888571
2019-05-15 05:34:47,219 - INFO - 195 : child cpu time 0.333123
2019-05-15 05:34:57,376 - INFO - 195 : memory usage 217400
2019-05-15 05:34:57,403 - INFO - 195 : child memory usage 210952
2019-05-15 05:34:57,438 - INFO - 195 : cpu time 11.991759
2019-05-15 05:34:57,475 - INFO - 195 : child cpu time 0.333123
2019-05-15 05:35:07,516 - INFO - 195 : memory usage 217400
2019-05-15 05:35:07,536 - INFO - 195 : child memory usage 210952
2019-05-15 05:35:07,576 - INFO - 195 : cpu time 12.114665
2019-05-15 05:35:07,652 - INFO - 195 : child cpu time 0.333123
2019-05-15 05:35:17,697 - INFO - 195 : memory usage 217400
2019-05-15 05:35:17,719 - INFO - 195 : child memory usage 210952
2019-05-15 05:35:17,861 - INFO - 195 : cpu time 12.192536
2019-05-15 05:35:17,917 - INFO - 195 : child cpu time 0.333123
2019-05-15 05:35:28,008 - INFO - 195 : memory usage 217400
2019-05-15 05:35:28,031 - INFO - 195 : child memory usage 210952
2019-05-15 05:35:28,103 - INFO - 195 : cpu time 12.291295
2019-05-15 05:35:28,173 - INFO - 195 : child cpu time 0.333123
2019-05-15 05:35:38,236 - INFO - 195 : memory usage 218228
2019-05-15 05:35:38,256 - INFO - 195 : child memory usage 210952
2019-05-15 05:35:38,306 - INFO - 195 : cpu time 12.412988
2019-05-15 05:35:38,364 - INFO - 195 : child cpu time 0.333123
2019-05-15 05:35:48,414 - INFO - 195 : memory usage 219016
2019-05-15 05:35:48,435 - INFO - 195 : child memory usage 210952
2019-05-15 05:35:48,483 - INFO - 195 : cpu time 12.517892
2019-05-15 05:35:48,535 - INFO - 195 : child cpu time 0.333123
2019-05-15 05:35:58,593 - INFO - 195 : memory usage 219016
2019-05-15 05:35:58,619 - INFO - 195 : child memory usage 210952
2019-05-15 05:35:58,663 - INFO - 195 : cpu time 12.613871
2019-05-15 05:35:58,713 - INFO - 195 : child cpu time 0.333123
2019-05-15 05:36:08,755 - INFO - 195 : memory usage 219016
2019-05-15 05:36:08,780 - INFO - 195 : child memory usage 210952
2019-05-15 05:36:08,860 - INFO - 195 : cpu time 12.724733
2019-05-15 05:36:08,897 - INFO - 195 : child cpu time 0.333123
2019-05-15 05:36:18,951 - INFO - 195 : memory usage 219016
2019-05-15 05:36:18,981 - INFO - 195 : child memory usage 210952
2019-05-15 05:36:19,051 - INFO - 195 : cpu time 12.816112
2019-05-15 05:36:19,089 - INFO - 195 : child cpu time 0.333123
2019-05-15 05:36:29,141 - INFO - 195 : memory usage 219016
2019-05-15 05:36:29,159 - INFO - 195 : child memory usage 210952
2019-05-15 05:36:29,216 - INFO - 195 : cpu time 12.910646
2019-05-15 05:36:29,276 - INFO - 195 : child cpu time 0.333123
2019-05-15 05:36:39,335 - INFO - 195 : memory usage 219016
2019-05-15 05:36:39,356 - INFO - 195 : child memory usage 210952
2019-05-15 05:36:39,483 - INFO - 195 : cpu time 13.006569
2019-05-15 05:36:39,534 - INFO - 195 : child cpu time 0.333123
2019-05-15 05:36:49,570 - INFO - 195 : memory usage 219016
2019-05-15 05:36:49,593 - INFO - 195 : child memory usage 210952
2019-05-15 05:36:49,633 - INFO - 195 : cpu time 13.113496
2019-05-15 05:36:49,682 - INFO - 195 : child cpu time 0.333123
2019-05-15 05:36:59,736 - INFO - 195 : memory usage 219020
2019-05-15 05:36:59,755 - INFO - 195 : child memory usage 210952
2019-05-15 05:36:59,848 - INFO - 195 : cpu time 13.207246
2019-05-15 05:36:59,891 - INFO - 195 : child cpu time 0.333123
2019-05-15 05:37:09,948 - INFO - 195 : memory usage 219028
2019-05-15 05:37:09,981 - INFO - 195 : child memory usage 210952
2019-05-15 05:37:10,043 - INFO - 195 : cpu time 13.33042
2019-05-15 05:37:10,091 - INFO - 195 : child cpu time 0.333123
2019-05-15 05:37:20,165 - INFO - 195 : memory usage 219036
2019-05-15 05:37:20,193 - INFO - 195 : child memory usage 210952
2019-05-15 05:37:20,249 - INFO - 195 : cpu time 13.434748
2019-05-15 05:37:20,288 - INFO - 195 : child cpu time 0.333123
2019-05-15 05:37:30,334 - INFO - 195 : memory usage 219036
2019-05-15 05:37:30,358 - INFO - 195 : child memory usage 210952
2019-05-15 05:37:30,402 - INFO - 195 : cpu time 13.551923
2019-05-15 05:37:30,452 - INFO - 195 : child cpu time 0.333123
2019-05-15 05:37:40,494 - INFO - 195 : memory usage 219040
2019-05-15 05:37:40,517 - INFO - 195 : child memory usage 210952
2019-05-15 05:37:40,593 - INFO - 195 : cpu time 13.650981999999999
2019-05-15 05:37:40,656 - INFO - 195 : child cpu time 0.333123
2019-05-15 05:37:50,707 - INFO - 195 : memory usage 219040
2019-05-15 05:37:50,730 - INFO - 195 : child memory usage 210952
2019-05-15 05:37:50,765 - INFO - 195 : cpu time 13.744824
2019-05-15 05:37:50,810 - INFO - 195 : child cpu time 0.333123
2019-05-15 05:38:00,851 - INFO - 195 : memory usage 219040
2019-05-15 05:38:00,872 - INFO - 195 : child memory usage 210952
2019-05-15 05:38:00,943 - INFO - 195 : cpu time 13.844084
2019-05-15 05:38:00,992 - INFO - 195 : child cpu time 0.333123
2019-05-15 05:38:11,035 - INFO - 195 : memory usage 219044
2019-05-15 05:38:11,054 - INFO - 195 : child memory usage 210952
2019-05-15 05:38:11,110 - INFO - 195 : cpu time 13.936957
2019-05-15 05:38:11,172 - INFO - 195 : child cpu time 0.333123
2019-05-15 05:38:21,227 - INFO - 195 : memory usage 219048
2019-05-15 05:38:21,256 - INFO - 195 : child memory usage 210952
2019-05-15 05:38:21,300 - INFO - 195 : cpu time 14.109814
2019-05-15 05:38:21,340 - INFO - 195 : child cpu time 0.333123
2019-05-15 05:38:31,389 - INFO - 195 : memory usage 219048
2019-05-15 05:38:31,407 - INFO - 195 : child memory usage 210952
2019-05-15 05:38:31,448 - INFO - 195 : cpu time 14.203506
2019-05-15 05:38:31,495 - INFO - 195 : child cpu time 0.333123
2019-05-15 05:38:41,536 - INFO - 195 : memory usage 219048
2019-05-15 05:38:41,557 - INFO - 195 : child memory usage 210952
2019-05-15 05:38:41,602 - INFO - 195 : cpu time 14.284743
2019-05-15 05:38:41,702 - INFO - 195 : child cpu time 0.333123
2019-05-15 05:38:51,759 - INFO - 195 : memory usage 219096
2019-05-15 05:38:51,778 - INFO - 195 : child memory usage 210952
2019-05-15 05:38:51,824 - INFO - 195 : cpu time 14.416052
2019-05-15 05:38:51,869 - INFO - 195 : child cpu time 0.333123
2019-05-16 06:49:20,339 - INFO - 195 : Starting usage telemetry collection
2019-05-16 06:49:21,805 - INFO - 195 : Start creating parent run with DTO:  - name: AutoML_Demo_Experiment_1557989360.2680202
 - subscription_id: cd5e54ba-5b64-4acb-8ae5-72654d870add
 - region: southcentralus
 - compute_target: decode2019-MLOps
 - spark_context: None
 - spark_service: None
 - iterations: 1
 - primary_metric: AUC_weighted
 - task_type: classification
 - validation_size: 0.0
 - n_cross_validations: 5
 - y_min: None
 - y_max: None
 - num_classes: None
 - preprocess: False
 - lag_length: 0
 - is_timeseries: False
 - max_cores_per_iteration: 1
 - max_concurrent_iterations: 10
 - iteration_timeout_minutes: 10
 - mem_in_mb: None
 - enforce_time_on_windows: False
 - experiment_timeout_minutes: None
 - experiment_exit_score: None
 - whitelist_models: None
 - blacklist_algos: ['XGBoostClassifier', 'XGBoostClassifier']
 - auto_blacklist: True
 - blacklist_samples_reached: False
 - exclude_nan_labels: True
 - verbosity: 20
 - show_warnings: False
 - model_explainability: False
 - service_url: None
 - sdk_url: None
 - sdk_packages: None
 - enable_onnx_compatible_models: False
 - enable_feature_sweeping: True
 - telemetry_verbosity: INFO
 - send_telemetry: True
 - enable_early_stopping: False
 - early_stopping_n_iters: 10
 - metrics: None
 - enable_ensembling: False
 - enable_stack_ensembling: False
 - ensemble_iterations: None
 - enable_tf: False
 - enable_cache: True
 - enable_subsampling: False
 - subsample_seed: None
 - cost_mode: 0
 - metric_operation: maximize.
2019-05-16 06:49:22,181 - INFO - 195 : [ParentRunID:AutoML_590fb8b2-41c4-426f-9649-dd758d0f3f92] Remote run using user script.
2019-05-16 06:49:24,880 - INFO - 195 : [RunId:AutoML_590fb8b2-41c4-426f-9649-dd758d0f3f92]SDK dependencies versions:{"azureml-widgets": "1.0.33", "azureml-train": "1.0.33", "azureml-train-restclients-hyperdrive": "1.0.33", "azureml-train-core": "1.0.33", "azureml-train-automl": "1.0.33", "azureml-telemetry": "1.0.33", "azureml-sdk": "1.0.33", "azureml-pipeline": "1.0.33", "azureml-pipeline-steps": "1.0.33", "azureml-pipeline-core": "1.0.33", "azureml-explain-model": "1.0.33", "azureml-dataprep": "1.1.2", "azureml-dataprep-native": "12.0.1", "azureml-core": "1.0.33.1", "azureml-contrib-opendatasets": "1.0.33", "azureml-contrib-notebook": "1.0.33"}.
2019-05-16 06:49:25,224 - INFO - 195 : Parent Run ID: AutoML_590fb8b2-41c4-426f-9649-dd758d0f3f92
2019-05-16 06:49:30,364 - INFO - 195 : memory usage 210220
2019-05-16 06:49:31,098 - INFO - 195 : child memory usage 210344
2019-05-16 06:49:31,150 - INFO - 195 : cpu time 13.578987
2019-05-16 06:49:31,197 - INFO - 195 : child cpu time 0.179444
2019-05-16 06:49:34,383 - INFO - 195 : Snapshotted folder: automl with snapshot_id: 80023b59-6ad9-4ca4-816a-802070809a20
2019-05-16 06:49:34,393 - INFO - 195 : Starting a snapshot run (snapshotId : 80023b59-6ad9-4ca4-816a-802070809a20) with following compute definition: {'Configuration': {'script': 'train.py', 'arguments': [], 'target': 'decode2019-MLOps', 'framework': 'Python', 'communicator': 'None', 'autoPrepareEnvironment': True, 'maxRunDurationSeconds': None, 'nodeCount': 1, 'environment': {'name': None, 'version': None, 'environmentVariables': {'EXAMPLE_ENV_VAR': 'EXAMPLE_VALUE'}, 'python': {'userManagedDependencies': False, 'interpreterPath': 'python', 'baseCondaEnvironment': None, 'condaDependencies': ordereddict([('name', 'project_environment'), ('dependencies', ['python=3.6.2', ordereddict([('pip', ['azureml-defaults==1.0.33', 'azureml-train-automl==1.0.33', 'azureml-explain-model'])]), 'numpy'])])}, 'docker': {'enabled': False, 'baseImage': 'mcr.microsoft.com/azureml/base:intelmpi2018.3-ubuntu16.04', 'sharedVolumes': True, 'gpuSupport': False, 'shmSize': '1g', 'arguments': [], 'baseImageRegistry': {'address': None, 'username': None, 'password': None}}, 'spark': {'repositories': ['https://mmlspark.azureedge.net/maven'], 'packages': [{'group': 'com.microsoft.ml.spark', 'artifact': 'mmlspark_2.11', 'version': '0.12'}], 'precachePackages': True}, 'databricks': {'mavenLibraries': [], 'pypiLibraries': [], 'rcranLibraries': [], 'jarLibraries': [], 'eggLibraries': []}}, 'history': {'outputCollection': True, 'snapshotProject': True, 'directoriesToWatch': ['logs']}, 'spark': {'configuration': {'spark.app.name': 'Azure ML Experiment', 'spark.yarn.maxAppAttempts': 1}}, 'hdi': {'yarnDeployMode': 'cluster'}, 'tensorflow': {'workerCount': 1, 'parameterServerCount': 1}, 'mpi': {'processCountPerNode': 1}, 'dataReferences': {}, 'sourceDirectoryDataStore': None, 'amlcompute': {'vmSize': None, 'vmPriority': None, 'retainCluster': False, 'name': None, 'clusterMaxNodeCount': 1}}}
2019-05-16 06:49:41,250 - INFO - 195 : memory usage 212284
2019-05-16 06:49:41,274 - INFO - 195 : child memory usage 210392
2019-05-16 06:49:41,310 - INFO - 195 : cpu time 13.709613
2019-05-16 06:49:41,362 - INFO - 195 : child cpu time 0.189494
2019-05-16 06:49:51,403 - INFO - 195 : memory usage 212284
2019-05-16 06:49:51,421 - INFO - 195 : child memory usage 210392
2019-05-16 06:49:51,512 - INFO - 195 : cpu time 13.898768
2019-05-16 06:49:51,549 - INFO - 195 : child cpu time 0.189494
2019-05-16 06:50:01,589 - INFO - 195 : memory usage 212284
2019-05-16 06:50:01,608 - INFO - 195 : child memory usage 210392
2019-05-16 06:50:01,643 - INFO - 195 : cpu time 13.991573
2019-05-16 06:50:01,678 - INFO - 195 : child cpu time 0.189494
2019-05-16 06:50:11,718 - INFO - 195 : memory usage 212284
2019-05-16 06:50:11,737 - INFO - 195 : child memory usage 210392
2019-05-16 06:50:11,801 - INFO - 195 : cpu time 14.057984
2019-05-16 06:50:11,860 - INFO - 195 : child cpu time 0.189494
2019-05-16 06:50:21,894 - INFO - 195 : memory usage 212284
2019-05-16 06:50:21,924 - INFO - 195 : child memory usage 210392
2019-05-16 06:50:21,972 - INFO - 195 : cpu time 14.159895
2019-05-16 06:50:22,027 - INFO - 195 : child cpu time 0.189494
2019-05-16 06:50:32,067 - INFO - 195 : memory usage 212284
2019-05-16 06:50:32,085 - INFO - 195 : child memory usage 210392
2019-05-16 06:50:32,136 - INFO - 195 : cpu time 14.238042
2019-05-16 06:50:32,168 - INFO - 195 : child cpu time 0.189494
2019-05-16 06:50:42,204 - INFO - 195 : memory usage 212928
2019-05-16 06:50:42,224 - INFO - 195 : child memory usage 210392
2019-05-16 06:50:42,262 - INFO - 195 : cpu time 14.322583999999999
2019-05-16 06:50:42,326 - INFO - 195 : child cpu time 0.189494
2019-05-16 06:50:52,695 - INFO - 195 : memory usage 213884
2019-05-16 06:50:52,720 - INFO - 195 : child memory usage 210392
2019-05-16 06:50:52,757 - INFO - 195 : cpu time 14.420797
2019-05-16 06:50:52,790 - INFO - 195 : child cpu time 0.189494
2019-05-16 06:51:02,829 - INFO - 195 : memory usage 214816
2019-05-16 06:51:02,849 - INFO - 195 : child memory usage 210392
2019-05-16 06:51:02,883 - INFO - 195 : cpu time 14.533927
2019-05-16 06:51:02,917 - INFO - 195 : child cpu time 0.189494
2019-05-16 06:51:12,954 - INFO - 195 : memory usage 217800
2019-05-16 06:51:12,971 - INFO - 195 : child memory usage 210392
2019-05-16 06:51:13,063 - INFO - 195 : cpu time 14.62443
2019-05-16 06:51:13,096 - INFO - 195 : child cpu time 0.189494
2019-05-16 06:51:23,132 - INFO - 195 : memory usage 217804
2019-05-16 06:51:23,151 - INFO - 195 : child memory usage 210392
2019-05-16 06:51:23,216 - INFO - 195 : cpu time 14.710402
2019-05-16 06:51:23,252 - INFO - 195 : child cpu time 0.189494
2019-05-16 06:51:33,294 - INFO - 195 : memory usage 217804
2019-05-16 06:51:33,311 - INFO - 195 : child memory usage 210392
2019-05-16 06:51:33,390 - INFO - 195 : cpu time 14.796877
2019-05-16 06:51:33,421 - INFO - 195 : child cpu time 0.189494
2019-05-16 06:51:43,464 - INFO - 195 : memory usage 217804
2019-05-16 06:51:43,493 - INFO - 195 : child memory usage 210392
2019-05-16 06:51:43,708 - INFO - 195 : cpu time 14.889336
2019-05-16 06:51:43,761 - INFO - 195 : child cpu time 0.189494
2019-05-16 06:51:53,811 - INFO - 195 : memory usage 217804
2019-05-16 06:51:53,832 - INFO - 195 : child memory usage 210392
2019-05-16 06:51:53,918 - INFO - 195 : cpu time 14.991765000000001
2019-05-16 06:51:53,966 - INFO - 195 : child cpu time 0.189494
2019-05-16 06:52:04,019 - INFO - 195 : memory usage 217804
2019-05-16 06:52:04,052 - INFO - 195 : child memory usage 210392
2019-05-16 06:52:04,097 - INFO - 195 : cpu time 15.080557
2019-05-16 06:52:04,152 - INFO - 195 : child cpu time 0.189494
2019-05-16 06:52:14,200 - INFO - 195 : memory usage 217804
2019-05-16 06:52:14,226 - INFO - 195 : child memory usage 210392
2019-05-16 06:52:14,280 - INFO - 195 : cpu time 15.179396
2019-05-16 06:52:14,330 - INFO - 195 : child cpu time 0.189494
2019-05-16 06:52:24,380 - INFO - 195 : memory usage 218632
2019-05-16 06:52:24,407 - INFO - 195 : child memory usage 210392
2019-05-16 06:52:24,462 - INFO - 195 : cpu time 15.283516
2019-05-16 06:52:24,513 - INFO - 195 : child cpu time 0.189494
2019-05-16 06:52:34,587 - INFO - 195 : memory usage 218632
2019-05-16 06:52:34,605 - INFO - 195 : child memory usage 210392
2019-05-16 06:52:34,656 - INFO - 195 : cpu time 15.368715
2019-05-16 06:52:34,704 - INFO - 195 : child cpu time 0.189494
2019-05-16 06:52:44,736 - INFO - 195 : memory usage 218640
2019-05-16 06:52:44,756 - INFO - 195 : child memory usage 210392
2019-05-16 06:52:44,791 - INFO - 195 : cpu time 15.458479
2019-05-16 06:52:44,823 - INFO - 195 : child cpu time 0.189494
2019-05-16 06:52:54,857 - INFO - 195 : memory usage 218640
2019-05-16 06:52:54,874 - INFO - 195 : child memory usage 210392
2019-05-16 06:52:54,912 - INFO - 195 : cpu time 15.536736
2019-05-16 06:52:54,945 - INFO - 195 : child cpu time 0.189494
2019-05-16 06:53:04,982 - INFO - 195 : memory usage 218640
2019-05-16 06:53:05,003 - INFO - 195 : child memory usage 210392
2019-05-16 06:53:05,055 - INFO - 195 : cpu time 15.6243
2019-05-16 06:53:05,096 - INFO - 195 : child cpu time 0.189494
2019-05-16 06:53:15,135 - INFO - 195 : memory usage 218640
2019-05-16 06:53:15,156 - INFO - 195 : child memory usage 210392
2019-05-16 06:53:15,197 - INFO - 195 : cpu time 15.716863
2019-05-16 06:53:15,239 - INFO - 195 : child cpu time 0.189494
2019-05-16 06:53:25,299 - INFO - 195 : memory usage 218640
2019-05-16 06:53:25,345 - INFO - 195 : child memory usage 210392
2019-05-16 06:53:25,394 - INFO - 195 : cpu time 15.805023
2019-05-16 06:53:25,432 - INFO - 195 : child cpu time 0.189494
2019-05-16 06:53:35,494 - INFO - 195 : memory usage 218640
2019-05-16 06:53:35,510 - INFO - 195 : child memory usage 210392
2019-05-16 06:53:35,545 - INFO - 195 : cpu time 15.898729
2019-05-16 06:53:35,576 - INFO - 195 : child cpu time 0.189494
2019-05-16 06:53:45,611 - INFO - 195 : memory usage 218648
2019-05-16 06:53:45,626 - INFO - 195 : child memory usage 210392
2019-05-16 06:53:45,674 - INFO - 195 : cpu time 15.98712
2019-05-16 06:53:45,709 - INFO - 195 : child cpu time 0.189494
2019-05-16 06:53:55,744 - INFO - 195 : memory usage 218652
2019-05-16 06:53:55,761 - INFO - 195 : child memory usage 210392
2019-05-16 06:53:55,804 - INFO - 195 : cpu time 16.073791
2019-05-16 06:53:55,841 - INFO - 195 : child cpu time 0.189494
2019-05-16 06:54:05,882 - INFO - 195 : memory usage 218652
2019-05-16 06:54:05,912 - INFO - 195 : child memory usage 210392
2019-05-16 06:54:05,953 - INFO - 195 : cpu time 16.182056
2019-05-16 06:54:06,015 - INFO - 195 : child cpu time 0.189494
2019-05-16 06:54:16,056 - INFO - 195 : memory usage 218652
2019-05-16 06:54:16,073 - INFO - 195 : child memory usage 210392
2019-05-16 06:54:16,116 - INFO - 195 : cpu time 16.29062
2019-05-16 06:54:16,156 - INFO - 195 : child cpu time 0.189494
2019-05-16 06:54:26,193 - INFO - 195 : memory usage 218652
2019-05-16 06:54:26,209 - INFO - 195 : child memory usage 210392
2019-05-16 06:54:26,243 - INFO - 195 : cpu time 16.382265
2019-05-16 06:54:26,287 - INFO - 195 : child cpu time 0.189494
2019-05-16 06:54:36,332 - INFO - 195 : memory usage 218652
2019-05-16 06:54:36,349 - INFO - 195 : child memory usage 210392
2019-05-16 06:54:36,389 - INFO - 195 : cpu time 16.456573
2019-05-16 06:54:36,435 - INFO - 195 : child cpu time 0.189494
2019-05-16 06:59:41,498 - INFO - 195 : Starting usage telemetry collection
2019-05-16 06:59:41,839 - INFO - 195 : Start creating parent run with DTO:  - name: AutoML_Demo_Experiment_1557989360.2680202
 - subscription_id: cd5e54ba-5b64-4acb-8ae5-72654d870add
 - region: southcentralus
 - compute_target: decode2019-MLOps
 - spark_context: None
 - spark_service: None
 - iterations: 1
 - primary_metric: AUC_weighted
 - task_type: classification
 - validation_size: 0.0
 - n_cross_validations: 5
 - y_min: None
 - y_max: None
 - num_classes: None
 - preprocess: False
 - lag_length: 0
 - is_timeseries: False
 - max_cores_per_iteration: 1
 - max_concurrent_iterations: 10
 - iteration_timeout_minutes: 10
 - mem_in_mb: None
 - enforce_time_on_windows: False
 - experiment_timeout_minutes: None
 - experiment_exit_score: None
 - whitelist_models: None
 - blacklist_algos: ['XGBoostClassifier', 'XGBoostClassifier']
 - auto_blacklist: True
 - blacklist_samples_reached: False
 - exclude_nan_labels: True
 - verbosity: 20
 - show_warnings: False
 - model_explainability: False
 - service_url: None
 - sdk_url: None
 - sdk_packages: None
 - enable_onnx_compatible_models: False
 - enable_feature_sweeping: True
 - telemetry_verbosity: INFO
 - send_telemetry: True
 - enable_early_stopping: False
 - early_stopping_n_iters: 10
 - metrics: None
 - enable_ensembling: False
 - enable_stack_ensembling: False
 - ensemble_iterations: None
 - enable_tf: False
 - enable_cache: True
 - enable_subsampling: False
 - subsample_seed: None
 - cost_mode: 0
 - metric_operation: maximize.
2019-05-16 06:59:42,520 - INFO - 195 : [ParentRunID:AutoML_b1ba5994-6cb4-4584-9e9e-563c60b92674] Remote run using user script.
2019-05-16 06:59:42,710 - INFO - 195 : [RunId:AutoML_b1ba5994-6cb4-4584-9e9e-563c60b92674]SDK dependencies versions:{"azureml-widgets": "1.0.33", "azureml-train": "1.0.33", "azureml-train-restclients-hyperdrive": "1.0.33", "azureml-train-core": "1.0.33", "azureml-train-automl": "1.0.33", "azureml-telemetry": "1.0.33", "azureml-sdk": "1.0.33", "azureml-pipeline": "1.0.33", "azureml-pipeline-steps": "1.0.33", "azureml-pipeline-core": "1.0.33", "azureml-explain-model": "1.0.33", "azureml-dataprep": "1.1.2", "azureml-dataprep-native": "12.0.1", "azureml-core": "1.0.33.1", "azureml-contrib-opendatasets": "1.0.33", "azureml-contrib-notebook": "1.0.33"}.
2019-05-16 06:59:42,820 - INFO - 195 : Parent Run ID: AutoML_b1ba5994-6cb4-4584-9e9e-563c60b92674
2019-05-16 06:59:43,542 - INFO - 195 : Snapshotted folder: automl with snapshot_id: 80023b59-6ad9-4ca4-816a-802070809a20
2019-05-16 06:59:43,563 - INFO - 195 : Starting a snapshot run (snapshotId : 80023b59-6ad9-4ca4-816a-802070809a20) with following compute definition: {'Configuration': {'script': 'train.py', 'arguments': [], 'target': 'decode2019-MLOps', 'framework': 'Python', 'communicator': 'None', 'autoPrepareEnvironment': True, 'maxRunDurationSeconds': None, 'nodeCount': 1, 'environment': {'name': None, 'version': None, 'environmentVariables': {'EXAMPLE_ENV_VAR': 'EXAMPLE_VALUE'}, 'python': {'userManagedDependencies': False, 'interpreterPath': 'python', 'baseCondaEnvironment': None, 'condaDependencies': ordereddict([('name', 'project_environment'), ('dependencies', ['python=3.6.2', ordereddict([('pip', ['azureml-defaults==1.0.33', 'azureml-train-automl==1.0.33', 'azureml-explain-model'])]), 'numpy'])])}, 'docker': {'enabled': False, 'baseImage': 'mcr.microsoft.com/azureml/base:intelmpi2018.3-ubuntu16.04', 'sharedVolumes': True, 'gpuSupport': False, 'shmSize': '1g', 'arguments': [], 'baseImageRegistry': {'address': None, 'username': None, 'password': None}}, 'spark': {'repositories': ['https://mmlspark.azureedge.net/maven'], 'packages': [{'group': 'com.microsoft.ml.spark', 'artifact': 'mmlspark_2.11', 'version': '0.12'}], 'precachePackages': True}, 'databricks': {'mavenLibraries': [], 'pypiLibraries': [], 'rcranLibraries': [], 'jarLibraries': [], 'eggLibraries': []}}, 'history': {'outputCollection': True, 'snapshotProject': True, 'directoriesToWatch': ['logs']}, 'spark': {'configuration': {'spark.app.name': 'Azure ML Experiment', 'spark.yarn.maxAppAttempts': 1}}, 'hdi': {'yarnDeployMode': 'cluster'}, 'tensorflow': {'workerCount': 1, 'parameterServerCount': 1}, 'mpi': {'processCountPerNode': 1}, 'dataReferences': {}, 'sourceDirectoryDataStore': None, 'amlcompute': {'vmSize': None, 'vmPriority': None, 'retainCluster': False, 'name': None, 'clusterMaxNodeCount': 1}}}
2019-05-16 06:59:51,515 - INFO - 195 : memory usage 223096
2019-05-16 06:59:51,535 - INFO - 195 : child memory usage 219304
2019-05-16 06:59:51,594 - INFO - 195 : cpu time 18.279414
2019-05-16 06:59:51,631 - INFO - 195 : child cpu time 0.189494
2019-05-16 07:00:01,712 - INFO - 195 : memory usage 223316
2019-05-16 07:00:01,732 - INFO - 195 : child memory usage 219304
2019-05-16 07:00:02,052 - INFO - 195 : cpu time 18.44529
2019-05-16 07:00:02,085 - INFO - 195 : child cpu time 0.189494
2019-05-16 07:00:12,120 - INFO - 195 : memory usage 223452
2019-05-16 07:00:12,149 - INFO - 195 : child memory usage 219304
2019-05-16 07:00:12,185 - INFO - 195 : cpu time 18.582965
2019-05-16 07:00:12,225 - INFO - 195 : child cpu time 0.189494
2019-05-16 07:00:22,269 - INFO - 195 : memory usage 223460
2019-05-16 07:00:22,296 - INFO - 195 : child memory usage 219304
2019-05-16 07:00:22,353 - INFO - 195 : cpu time 18.669537
2019-05-16 07:00:22,389 - INFO - 195 : child cpu time 0.189494
2019-05-16 07:00:32,432 - INFO - 195 : memory usage 223508
2019-05-16 07:00:32,458 - INFO - 195 : child memory usage 219304
2019-05-16 07:00:32,510 - INFO - 195 : cpu time 18.7432
2019-05-16 07:00:32,604 - INFO - 195 : child cpu time 0.189494
2019-05-16 07:00:42,649 - INFO - 195 : memory usage 223512
2019-05-16 07:00:42,668 - INFO - 195 : child memory usage 219304
2019-05-16 07:00:42,703 - INFO - 195 : cpu time 18.833167
2019-05-16 07:00:42,737 - INFO - 195 : child cpu time 0.189494
2019-05-16 07:00:52,773 - INFO - 195 : memory usage 224400
2019-05-16 07:00:52,796 - INFO - 195 : child memory usage 219304
2019-05-16 07:00:52,874 - INFO - 195 : cpu time 18.971945
2019-05-16 07:00:52,913 - INFO - 195 : child cpu time 0.189494
